#
# There is insufficient memory for the Java Runtime Environment to continue.
# Native memory allocation (malloc) failed to allocate 131088 bytes for Chunk::new
# Possible reasons:
#   The system is out of physical RAM or swap space
#   The process is running with CompressedOops enabled, and the Java Heap may be blocking the growth of the native heap
# Possible solutions:
#   Reduce memory load on the system
#   Increase physical memory or swap space
#   Check if swap backing store is full
#   Decrease Java heap size (-Xmx/-Xms)
#   Decrease number of Java threads
#   Decrease Java thread stack sizes (-Xss)
#   Set larger code cache with -XX:ReservedCodeCacheSize=
#   JVM is running with Unscaled Compressed Oops mode in which the Java heap is
#     placed in the first 4GB address space. The Java Heap base address is the
#     maximum limit for the native heap growth. Please use -XX:HeapBaseMinAddress
#     to set the Java Heap base and to place the Java Heap above 4GB virtual address.
# This output file may be truncated or incomplete.
#
#  Out of Memory Error (allocation.cpp:389), pid=4816, tid=0x00000000000022b8
#
# JRE version: OpenJDK Runtime Environment (8.0_242-b01) (build 1.8.0_242-release-1644-b01)
# Java VM: OpenJDK 64-Bit Server VM (25.242-b01 mixed mode windows-amd64 compressed oops)
# Failed to write core dump. Minidumps are not enabled by default on client versions of Windows
#

---------------  T H R E A D  ---------------

Current thread (0x0000000017496000):  JavaThread "C2 CompilerThread0" daemon [_thread_in_native, id=8888, stack(0x0000000018ad0000,0x0000000018bd0000)]

Stack: [0x0000000018ad0000,0x0000000018bd0000]
[error occurred during error reporting (printing stack bounds), id 0xc0000005]

Native frames: (J=compiled Java code, j=interpreted, Vv=VM code, C=native code)


Current CompileTask:
C2: 236766 22858 %     4       com.android.tools.r8.ir.regalloc.a::a @ 683 (1761 bytes)


---------------  P R O C E S S  ---------------

Java Threads: ( => current thread )
  0x0000000029439000 JavaThread "Cache worker for Java compile cache (C:\Users\abdul\AndroidStudioProjects\HostelLocator\.gradle\6.5\javaCompile)" [_thread_blocked, id=8572, stack(0x000000001cd40000,0x000000001ce40000)]
  0x0000000029438000 JavaThread "Cache worker for Java compile cache (C:\Users\abdul\.gradle\caches\6.5\javaCompile)" [_thread_blocked, id=952, stack(0x000000001bc70000,0x000000001bd70000)]
  0x000000001af3f800 JavaThread "WorkerExecutor Queue Thread 5" [_thread_blocked, id=6592, stack(0x0000000022000000,0x0000000022100000)]
  0x000000001af3b800 JavaThread "stdout" [_thread_in_native, id=3676, stack(0x0000000021d00000,0x0000000021e00000)]
  0x000000001af3e800 JavaThread "stderr" [_thread_in_native, id=8796, stack(0x0000000021c00000,0x0000000021d00000)]
  0x000000001af3e000 JavaThread "stdout" [_thread_in_native, id=6136, stack(0x0000000021b00000,0x0000000021c00000)]
  0x000000001af3a000 JavaThread "stderr" [_thread_in_native, id=7680, stack(0x0000000021a00000,0x0000000021b00000)]
  0x000000001af3d000 JavaThread "stdout" [_thread_in_native, id=7232, stack(0x0000000021900000,0x0000000021a00000)]
  0x000000001af3b000 JavaThread "stderr" [_thread_in_native, id=932, stack(0x0000000021800000,0x0000000021900000)]
  0x000000001af39800 JavaThread "stdout" [_thread_in_native, id=7900, stack(0x0000000021700000,0x0000000021800000)]
  0x000000001af3c800 JavaThread "stderr" [_thread_in_native, id=5292, stack(0x0000000021600000,0x0000000021700000)]
  0x000000001af38800 JavaThread "pool-2-thread-1" [_thread_blocked, id=1564, stack(0x0000000020780000,0x0000000020880000)]
  0x0000000029434800 JavaThread "MarlinRenderer Disposer" daemon [_thread_blocked, id=1872, stack(0x000000002cba0000,0x000000002cca0000)]
  0x0000000029433800 JavaThread "Java2D Disposer" daemon [_thread_blocked, id=4180, stack(0x000000002caa0000,0x000000002cba0000)]
  0x000000001e3ce800 JavaThread "WorkerExecutor Queue Thread 4" [_thread_blocked, id=5648, stack(0x000000002b5d0000,0x000000002b6d0000)]
  0x000000001e3c9800 JavaThread "WorkerExecutor Queue Thread 2" [_thread_blocked, id=2192, stack(0x000000001c450000,0x000000001c550000)]
  0x000000001e3c5000 JavaThread "WorkerExecutor Queue" [_thread_blocked, id=8120, stack(0x000000002b2d0000,0x000000002b3d0000)]
  0x000000001e3c7000 JavaThread "Cache worker for execution history cache (C:\Users\abdul\AndroidStudioProjects\HostelLocator\.gradle\6.5\executionHistory)" [_thread_blocked, id=1696, stack(0x000000002afd0000,0x000000002b0d0000)]
  0x000000001e3c0800 JavaThread "Execution worker for ':' Thread 3" [_thread_blocked, id=3624, stack(0x000000002aed0000,0x000000002afd0000)]
  0x000000001e3c3800 JavaThread "Execution worker for ':' Thread 2" [_thread_blocked, id=8724, stack(0x0000000029920000,0x0000000029a20000)]
  0x000000001e3c2800 JavaThread "Execution worker for ':'" [_thread_blocked, id=5068, stack(0x0000000028600000,0x0000000028700000)]
  0x000000001e3bf800 JavaThread "Cache worker for file content cache (C:\Users\abdul\AndroidStudioProjects\HostelLocator\.gradle\6.5\fileContent)" [_thread_blocked, id=7852, stack(0x0000000028500000,0x0000000028600000)]
  0x000000001e3c2000 JavaThread "Memory manager" [_thread_blocked, id=3712, stack(0x0000000028400000,0x0000000028500000)]
  0x000000001af47000 JavaThread "Cache worker for Build Output Cleanup Cache (C:\Users\abdul\AndroidStudioProjects\HostelLocator\.gradle\buildOutputCleanup)" [_thread_blocked, id=8140, stack(0x0000000027500000,0x0000000027600000)]
  0x000000001a6d0800 JavaThread "Build operations Thread 4" [_thread_in_Java, id=3736, stack(0x0000000021500000,0x0000000021600000)]
  0x000000001a6d1000 JavaThread "Build operations Thread 3" [_thread_in_Java, id=7068, stack(0x0000000021180000,0x0000000021280000)]
  0x000000001a6cc800 JavaThread "Build operations Thread 2" [_thread_in_Java, id=5896, stack(0x0000000021080000,0x0000000021180000)]
  0x000000001a6cf800 JavaThread "Build operations" [_thread_blocked, id=4156, stack(0x0000000020f80000,0x0000000021080000)]
  0x000000001a20e800 JavaThread "Cache worker for file content cache (C:\Users\abdul\.gradle\caches\6.5\fileContent)" [_thread_blocked, id=8732, stack(0x0000000020a80000,0x0000000020b80000)]
  0x000000001a20b000 JavaThread "Cache worker for execution history cache (C:\Users\abdul\.gradle\caches\6.5\executionHistory)" [_thread_blocked, id=4176, stack(0x0000000020280000,0x0000000020380000)]
  0x000000001a20e000 JavaThread "Cache worker for cache directory md-rule (C:\Users\abdul\.gradle\caches\6.5\md-rule)" [_thread_blocked, id=5728, stack(0x000000001ff80000,0x0000000020080000)]
  0x000000001a20d000 JavaThread "Cache worker for cache directory md-supplier (C:\Users\abdul\.gradle\caches\6.5\md-supplier)" [_thread_blocked, id=5148, stack(0x000000001fe80000,0x000000001ff80000)]
  0x000000001a20b800 JavaThread "Cache worker for checksums cache (C:\Users\abdul\AndroidStudioProjects\HostelLocator\.gradle\checksums)" [_thread_blocked, id=5052, stack(0x000000001fa90000,0x000000001fb90000)]
  0x000000001a20a000 JavaThread "Cache worker for file hash cache (C:\Users\abdul\AndroidStudioProjects\HostelLocator\.gradle\6.5\fileHashes)" [_thread_blocked, id=3880, stack(0x000000001e710000,0x000000001e810000)]
  0x000000001a20c800 JavaThread "Cache worker for file hash cache (C:\Users\abdul\.gradle\caches\6.5\fileHashes)" [_thread_blocked, id=7620, stack(0x000000001d640000,0x000000001d740000)]
  0x000000001a209800 JavaThread "File lock request listener" [_thread_in_native, id=5740, stack(0x000000001d340000,0x000000001d440000)]
  0x000000001a1e8800 JavaThread "Cache worker for journal cache (C:\Users\abdul\.gradle\caches\journal-1)" [_thread_blocked, id=6444, stack(0x000000001d140000,0x000000001d240000)]
  0x000000001a019000 JavaThread "Thread-9" [_thread_blocked, id=288, stack(0x000000001ce40000,0x000000001cf40000)]
  0x0000000019b96800 JavaThread "Asynchronous log dispatcher for DefaultDaemonConnection: socket connection from /127.0.0.1:57756 to /127.0.0.1:57757" [_thread_blocked, id=5132, stack(0x000000001cc40000,0x000000001cd40000)]
  0x000000001989c800 JavaThread "Daemon worker" [_thread_blocked, id=7924, stack(0x000000001cb40000,0x000000001cc40000)]
  0x0000000019bce800 JavaThread "Cancel handler" [_thread_blocked, id=2212, stack(0x000000001ca40000,0x000000001cb40000)]
  0x00000000199da000 JavaThread "Handler for socket connection from /127.0.0.1:57756 to /127.0.0.1:57757" [_thread_in_native, id=7704, stack(0x000000001c940000,0x000000001ca40000)]
  0x00000000191ce800 JavaThread "Daemon" [_thread_blocked, id=3876, stack(0x000000001c840000,0x000000001c940000)]
  0x000000001a2c2800 JavaThread "Daemon periodic checks" [_thread_blocked, id=196, stack(0x000000001c740000,0x000000001c840000)]
  0x0000000019fda000 JavaThread "Incoming local TCP Connector on port 57756" [_thread_in_native, id=4920, stack(0x000000001c550000,0x000000001c650000)]
  0x0000000019e03000 JavaThread "Daemon health stats" [_thread_blocked, id=4280, stack(0x000000001bb70000,0x000000001bc70000)]
  0x0000000018e02800 JavaThread "Service Thread" daemon [_thread_blocked, id=7828, stack(0x00000000191d0000,0x00000000192d0000)]
  0x00000000174aa800 JavaThread "C1 CompilerThread2" daemon [_thread_blocked, id=4612, stack(0x0000000018cd0000,0x0000000018dd0000)]
  0x000000001749a800 JavaThread "C2 CompilerThread1" daemon [_thread_in_native, id=1248, stack(0x0000000018bd0000,0x0000000018cd0000)]
=>0x0000000017496000 JavaThread "C2 CompilerThread0" daemon [_thread_in_native, id=8888, stack(0x0000000018ad0000,0x0000000018bd0000)]
  0x0000000017495000 JavaThread "Attach Listener" daemon [_thread_blocked, id=5776, stack(0x00000000189d0000,0x0000000018ad0000)]
  0x0000000017491800 JavaThread "Signal Dispatcher" daemon [_thread_blocked, id=5716, stack(0x00000000188d0000,0x00000000189d0000)]
  0x000000000286b000 JavaThread "Finalizer" daemon [_thread_blocked, id=6980, stack(0x00000000186f0000,0x00000000187f0000)]
  0x0000000017479000 JavaThread "Reference Handler" daemon [_thread_blocked, id=4268, stack(0x00000000185f0000,0x00000000186f0000)]
  0x000000000271d800 JavaThread "main" [_thread_blocked, id=8560, stack(0x00000000025e0000,0x00000000026e0000)]

Other Threads:
  0x0000000017457000 VMThread [stack: 0x00000000184f0000,0x00000000185f0000] [id=9164]
  0x0000000018e03800 WatcherThread [stack: 0x00000000192d0000,0x00000000193d0000] [id=2152]

VM state:not at safepoint (normal execution)

VM Mutex/Monitor currently owned by a thread: None

heap address: 0x0000000080000000, size: 2048 MB, Compressed Oops mode: 32-bit
Narrow klass base: 0x0000000000000000, Narrow klass shift: 3
Compressed class space size: 1073741824 Address: 0x0000000100000000

Heap:
 PSYoungGen      total 577536K, used 92089K [0x00000000d5580000, 0x00000000ff200000, 0x0000000100000000)
  eden space 486912K, 16% used [0x00000000d5580000,0x00000000da2477b8,0x00000000f3100000)
  from space 90624K, 14% used [0x00000000f9980000,0x00000000fa6a6f58,0x00000000ff200000)
  to   space 98816K, 0% used [0x00000000f3100000,0x00000000f3100000,0x00000000f9180000)
 ParOldGen       total 252416K, used 213575K [0x0000000080000000, 0x000000008f680000, 0x00000000d5580000)
  object space 252416K, 84% used [0x0000000080000000,0x000000008d091f98,0x000000008f680000)
 Metaspace       used 98274K, capacity 103502K, committed 103912K, reserved 1140736K
  class space    used 12705K, capacity 13654K, committed 13840K, reserved 1048576K

Card table byte_map: [0x0000000011c30000,0x0000000012040000] byte_map_base: 0x0000000011830000

Marking Bits: (ParMarkBitMap*) 0x0000000066c2f030
 Begin Bits: [0x00000000126f0000, 0x00000000146f0000)
 End Bits:   [0x00000000146f0000, 0x00000000166f0000)

Polling page: 0x0000000000e00000

CodeCache: size=245760Kb used=68349Kb max_used=68349Kb free=177410Kb
 bounds [0x0000000002870000, 0x0000000006b90000, 0x0000000011870000]
 total_blobs=19765 nmethods=18779 adapters=895
 compilation: enabled

Compilation events (10 events):
Event: 235.377 Thread 0x00000000174aa800 23824 %     3       com.android.tools.r8.graph.d0::i @ 25 (105 bytes)
Event: 235.382 Thread 0x00000000174aa800 nmethod 23824% 0x0000000006b5bc10 code [0x0000000006b5c200, 0x0000000006b5fb28]
Event: 235.382 Thread 0x00000000174aa800 23826       2       com.android.tools.r8.dex.r$$Lambda$1523/855623889::applyAsInt (12 bytes)
Event: 235.382 Thread 0x00000000174aa800 nmethod 23826 0x0000000005281b50 code [0x0000000005281cc0, 0x0000000005281e88]
Event: 235.382 Thread 0x00000000174aa800 23827       2       com.android.tools.r8.dex.r::a (12 bytes)
Event: 235.383 Thread 0x00000000174aa800 nmethod 23827 0x0000000005281610 code [0x0000000005281780, 0x0000000005281968]
Event: 235.392 Thread 0x00000000174aa800 23828       1       com.android.tools.r8.dex.h::a (1 bytes)
Event: 235.393 Thread 0x00000000174aa800 nmethod 23828 0x0000000005281350 code [0x00000000052814a0, 0x00000000052815b0]
Event: 235.451 Thread 0x00000000174aa800 23829       2       com.android.tools.r8.dex.P::d (76 bytes)
Event: 235.453 Thread 0x00000000174aa800 nmethod 23829 0x0000000005280710 code [0x0000000005280900, 0x0000000005280ec8]

GC Heap History (10 events):
Event: 222.089 GC heap before
{Heap before GC invocations=56 (full 6):
 PSYoungGen      total 489472K, used 375709K [0x00000000d5580000, 0x00000000fdc00000, 0x0000000100000000)
  eden space 366592K, 100% used [0x00000000d5580000,0x00000000ebb80000,0x00000000ebb80000)
  from space 122880K, 7% used [0x00000000ebb80000,0x00000000ec4676b8,0x00000000f3380000)
  to   space 120320K, 0% used [0x00000000f6680000,0x00000000f6680000,0x00000000fdc00000)
 ParOldGen       total 252416K, used 173616K [0x0000000080000000, 0x000000008f680000, 0x00000000d5580000)
  object space 252416K, 68% used [0x0000000080000000,0x000000008a98c300,0x000000008f680000)
 Metaspace       used 98073K, capacity 103306K, committed 103656K, reserved 1140736K
  class space    used 12693K, capacity 13646K, committed 13840K, reserved 1048576K
Event: 222.154 GC heap after
Heap after GC invocations=56 (full 6):
 PSYoungGen      total 526336K, used 17485K [0x00000000d5580000, 0x00000000fcf80000, 0x0000000100000000)
  eden space 418816K, 0% used [0x00000000d5580000,0x00000000d5580000,0x00000000eee80000)
  from space 107520K, 16% used [0x00000000f6680000,0x00000000f7793510,0x00000000fcf80000)
  to   space 115200K, 0% used [0x00000000eee80000,0x00000000eee80000,0x00000000f5f00000)
 ParOldGen       total 252416K, used 178920K [0x0000000080000000, 0x000000008f680000, 0x00000000d5580000)
  object space 252416K, 70% used [0x0000000080000000,0x000000008aeba300,0x000000008f680000)
 Metaspace       used 98073K, capacity 103306K, committed 103656K, reserved 1140736K
  class space    used 12693K, capacity 13646K, committed 13840K, reserved 1048576K
}
Event: 225.006 GC heap before
{Heap before GC invocations=57 (full 6):
 PSYoungGen      total 526336K, used 436301K [0x00000000d5580000, 0x00000000fcf80000, 0x0000000100000000)
  eden space 418816K, 100% used [0x00000000d5580000,0x00000000eee80000,0x00000000eee80000)
  from space 107520K, 16% used [0x00000000f6680000,0x00000000f7793510,0x00000000fcf80000)
  to   space 115200K, 0% used [0x00000000eee80000,0x00000000eee80000,0x00000000f5f00000)
 ParOldGen       total 252416K, used 178920K [0x0000000080000000, 0x000000008f680000, 0x00000000d5580000)
  object space 252416K, 70% used [0x0000000080000000,0x000000008aeba300,0x000000008f680000)
 Metaspace       used 98193K, capacity 103430K, committed 103912K, reserved 1140736K
  class space    used 12704K, capacity 13654K, committed 13840K, reserved 1048576K
Event: 225.089 GC heap after
Heap after GC invocations=57 (full 6):
 PSYoungGen      total 534016K, used 9269K [0x00000000d5580000, 0x0000000100000000, 0x0000000100000000)
  eden space 418816K, 0% used [0x00000000d5580000,0x00000000d5580000,0x00000000eee80000)
  from space 115200K, 8% used [0x00000000eee80000,0x00000000ef78d5d8,0x00000000f5f00000)
  to   space 111616K, 0% used [0x00000000f9300000,0x00000000f9300000,0x0000000100000000)
 ParOldGen       total 252416K, used 193200K [0x0000000080000000, 0x000000008f680000, 0x00000000d5580000)
  object space 252416K, 76% used [0x0000000080000000,0x000000008bcac148,0x000000008f680000)
 Metaspace       used 98193K, capacity 103430K, committed 103912K, reserved 1140736K
  class space    used 12704K, capacity 13654K, committed 13840K, reserved 1048576K
}
Event: 227.898 GC heap before
{Heap before GC invocations=58 (full 6):
 PSYoungGen      total 534016K, used 428085K [0x00000000d5580000, 0x0000000100000000, 0x0000000100000000)
  eden space 418816K, 100% used [0x00000000d5580000,0x00000000eee80000,0x00000000eee80000)
  from space 115200K, 8% used [0x00000000eee80000,0x00000000ef78d5d8,0x00000000f5f00000)
  to   space 111616K, 0% used [0x00000000f9300000,0x00000000f9300000,0x0000000100000000)
 ParOldGen       total 252416K, used 193200K [0x0000000080000000, 0x000000008f680000, 0x00000000d5580000)
  object space 252416K, 76% used [0x0000000080000000,0x000000008bcac148,0x000000008f680000)
 Metaspace       used 98216K, capacity 103494K, committed 103912K, reserved 1140736K
  class space    used 12705K, capacity 13654K, committed 13840K, reserved 1048576K
Event: 227.956 GC heap after
Heap after GC invocations=58 (full 6):
 PSYoungGen      total 572928K, used 8127K [0x00000000d5580000, 0x00000000ff580000, 0x0000000100000000)
  eden space 472064K, 0% used [0x00000000d5580000,0x00000000d5580000,0x00000000f2280000)
  from space 100864K, 8% used [0x00000000f9300000,0x00000000f9aefea0,0x00000000ff580000)
  to   space 108032K, 0% used [0x00000000f2280000,0x00000000f2280000,0x00000000f8c00000)
 ParOldGen       total 252416K, used 200248K [0x0000000080000000, 0x000000008f680000, 0x00000000d5580000)
  object space 252416K, 79% used [0x0000000080000000,0x000000008c38e248,0x000000008f680000)
 Metaspace       used 98216K, capacity 103494K, committed 103912K, reserved 1140736K
  class space    used 12705K, capacity 13654K, committed 13840K, reserved 1048576K
}
Event: 230.716 GC heap before
{Heap before GC invocations=59 (full 6):
 PSYoungGen      total 572928K, used 480191K [0x00000000d5580000, 0x00000000ff580000, 0x0000000100000000)
  eden space 472064K, 100% used [0x00000000d5580000,0x00000000f2280000,0x00000000f2280000)
  from space 100864K, 8% used [0x00000000f9300000,0x00000000f9aefea0,0x00000000ff580000)
  to   space 108032K, 0% used [0x00000000f2280000,0x00000000f2280000,0x00000000f8c00000)
 ParOldGen       total 252416K, used 200248K [0x0000000080000000, 0x000000008f680000, 0x00000000d5580000)
  object space 252416K, 79% used [0x0000000080000000,0x000000008c38e248,0x000000008f680000)
 Metaspace       used 98228K, capacity 103494K, committed 103912K, reserved 1140736K
  class space    used 12705K, capacity 13654K, committed 13840K, reserved 1048576K
Event: 230.812 GC heap after
Heap after GC invocations=59 (full 6):
 PSYoungGen      total 580096K, used 8943K [0x00000000d5580000, 0x00000000fff00000, 0x0000000100000000)
  eden space 472064K, 0% used [0x00000000d5580000,0x00000000d5580000,0x00000000f2280000)
  from space 108032K, 8% used [0x00000000f2280000,0x00000000f2b3bd80,0x00000000f8c00000)
  to   space 103936K, 0% used [0x00000000f9980000,0x00000000f9980000,0x00000000fff00000)
 ParOldGen       total 252416K, used 206940K [0x0000000080000000, 0x000000008f680000, 0x00000000d5580000)
  object space 252416K, 81% used [0x0000000080000000,0x000000008ca17200,0x000000008f680000)
 Metaspace       used 98228K, capacity 103494K, committed 103912K, reserved 1140736K
  class space    used 12705K, capacity 13654K, committed 13840K, reserved 1048576K
}
Event: 235.404 GC heap before
{Heap before GC invocations=60 (full 6):
 PSYoungGen      total 580096K, used 481007K [0x00000000d5580000, 0x00000000fff00000, 0x0000000100000000)
  eden space 472064K, 100% used [0x00000000d5580000,0x00000000f2280000,0x00000000f2280000)
  from space 108032K, 8% used [0x00000000f2280000,0x00000000f2b3bd80,0x00000000f8c00000)
  to   space 103936K, 0% used [0x00000000f9980000,0x00000000f9980000,0x00000000fff00000)
 ParOldGen       total 252416K, used 206940K [0x0000000080000000, 0x000000008f680000, 0x00000000d5580000)
  object space 252416K, 81% used [0x0000000080000000,0x000000008ca17200,0x000000008f680000)
 Metaspace       used 98271K, capacity 103498K, committed 103912K, reserved 1140736K
  class space    used 12705K, capacity 13654K, committed 13840K, reserved 1048576K
Event: 235.451 GC heap after
Heap after GC invocations=60 (full 6):
 PSYoungGen      total 577536K, used 13467K [0x00000000d5580000, 0x00000000ff200000, 0x0000000100000000)
  eden space 486912K, 0% used [0x00000000d5580000,0x00000000d5580000,0x00000000f3100000)
  from space 90624K, 14% used [0x00000000f9980000,0x00000000fa6a6f58,0x00000000ff200000)
  to   space 98816K, 0% used [0x00000000f3100000,0x00000000f3100000,0x00000000f9180000)
 ParOldGen       total 252416K, used 213575K [0x0000000080000000, 0x000000008f680000, 0x00000000d5580000)
  object space 252416K, 84% used [0x0000000080000000,0x000000008d091f98,0x000000008f680000)
 Metaspace       used 98271K, capacity 103498K, committed 103912K, reserved 1140736K
  class space    used 12705K, capacity 13654K, committed 13840K, reserved 1048576K
}

Deoptimization events (10 events):
Event: 233.103 Thread 0x000000001a6cf800 Uncommon trap: reason=class_check action=maybe_recompile pc=0x00000000068d4a50 method=com.android.tools.r8.s.a.h.e.b(Lcom/android/tools/r8/s/b/k0;)V @ 244
Event: 233.268 Thread 0x000000001a6d0800 Uncommon trap: reason=class_check action=maybe_recompile pc=0x000000000494c6b4 method=com.android.tools.r8.q.a.a.b.J0.k()Ljava/lang/Object; @ 4
Event: 234.057 Thread 0x000000001a6cf800 Uncommon trap: reason=predicate action=maybe_recompile pc=0x00000000057f83cc method=com.android.tools.r8.ir.optimize.a0.a(Lcom/android/tools/r8/s/b/X;Lcom/android/tools/r8/ir/regalloc/e;I)V @ 987
Event: 234.726 Thread 0x000000001a6cf800 Uncommon trap: reason=unstable_if action=reinterpret pc=0x0000000002ed87e8 method=java.util.HashMap.getNode(ILjava/lang/Object;)Ljava/util/HashMap$Node; @ 84
Event: 235.051 Thread 0x000000001a6cf800 Uncommon trap: reason=class_check action=maybe_recompile pc=0x000000000494c6b4 method=com.android.tools.r8.q.a.a.b.J0.k()Ljava/lang/Object; @ 4
Event: 235.057 Thread 0x000000001a6cf800 Uncommon trap: reason=class_check action=maybe_recompile pc=0x0000000005858334 method=java.util.Collections$SetFromMap.iterator()Ljava/util/Iterator; @ 4
Event: 235.058 Thread 0x000000001a6cf800 Uncommon trap: reason=unstable_if action=reinterpret pc=0x0000000002aa1248 method=com.android.tools.r8.graph.c.definitionForWithoutExistenceAssert(Lcom/android/tools/r8/graph/j0;)Lcom/android/tools/r8/graph/C; @ 39
Event: 235.130 Thread 0x000000001a6cf800 Uncommon trap: reason=unstable_if action=reinterpret pc=0x00000000034c0c24 method=java.util.HashMap.getNode(ILjava/lang/Object;)Ljava/util/HashMap$Node; @ 84
Event: 235.130 Thread 0x000000001a6cf800 Uncommon trap: reason=unstable_if action=reinterpret pc=0x00000000069f73c4 method=java.util.HashMap$TreeNode.find(ILjava/lang/Object;Ljava/lang/Class;)Ljava/util/HashMap$TreeNode; @ 58
Event: 235.269 Thread 0x000000001a6cf800 Uncommon trap: reason=unstable_if action=reinterpret pc=0x0000000005d5de28 method=com.android.tools.r8.graph.i0.b(Lcom/android/tools/r8/graph/i0;)I @ 83

Classes redefined (0 events):
No events

Internal exceptions (10 events):
Event: 214.424 Thread 0x000000001a6d1000 Exception <a 'sun/nio/fs/WindowsException'> (0x00000000d6517860) thrown at [C:\src\AOSP-openjdk-git\hotspot\src\share\vm\prims\jni.cpp, line 710]
Event: 214.637 Thread 0x000000001a6cc800 Implicit null exception at 0x000000000647b6a8 to 0x000000000647bbcd
Event: 214.941 Thread 0x000000001a6cf800 Exception <a 'sun/nio/fs/WindowsException'> (0x00000000dfbba9a0) thrown at [C:\src\AOSP-openjdk-git\hotspot\src\share\vm\prims\jni.cpp, line 710]
Event: 217.644 Thread 0x000000001a6d0800 Exception <a 'sun/nio/fs/WindowsException'> (0x00000000e121aaa0) thrown at [C:\src\AOSP-openjdk-git\hotspot\src\share\vm\prims\jni.cpp, line 710]
Event: 217.726 Thread 0x000000001a6d0800 Exception <a 'sun/nio/fs/WindowsException'> (0x00000000e1ec39d8) thrown at [C:\src\AOSP-openjdk-git\hotspot\src\share\vm\prims\jni.cpp, line 710]
Event: 219.616 Thread 0x000000001a6d0800 Exception <a 'sun/nio/fs/WindowsException'> (0x00000000eb2500d8) thrown at [C:\src\AOSP-openjdk-git\hotspot\src\share\vm\prims\jni.cpp, line 710]
Event: 220.243 Thread 0x000000001a6d0800 Exception <a 'sun/nio/fs/WindowsException'> (0x00000000db6e10a0) thrown at [C:\src\AOSP-openjdk-git\hotspot\src\share\vm\prims\jni.cpp, line 710]
Event: 225.004 Thread 0x000000001a6cc800 Exception <a 'sun/nio/fs/WindowsException'> (0x00000000ee507c60) thrown at [C:\src\AOSP-openjdk-git\hotspot\src\share\vm\prims\jni.cpp, line 710]
Event: 233.509 Thread 0x000000001a6d0800 Exception <a 'sun/nio/fs/WindowsException'> (0x00000000e3f558b0) thrown at [C:\src\AOSP-openjdk-git\hotspot\src\share\vm\prims\jni.cpp, line 710]
Event: 235.453 Thread 0x000000001a6cf800 Exception <a 'sun/nio/fs/WindowsException'> (0x00000000d5820258) thrown at [C:\src\AOSP-openjdk-git\hotspot\src\share\vm\prims\jni.cpp, line 710]

Events (10 events):
Event: 235.384 Thread 0x000000001a6cf800 DEOPT PACKING pc=0x0000000005136986 sp=0x000000002107a870
Event: 235.384 Thread 0x000000001a6cf800 DEOPT UNPACKING pc=0x00000000028b75d0 sp=0x000000002107a560 mode 0
Event: 235.384 Thread 0x000000001a6cf800 DEOPT PACKING pc=0x0000000005136986 sp=0x000000002107a7d0
Event: 235.384 Thread 0x000000001a6cf800 DEOPT UNPACKING pc=0x00000000028b75d0 sp=0x000000002107a4c0 mode 0
Event: 235.384 Thread 0x000000001a6cf800 DEOPT PACKING pc=0x0000000005136986 sp=0x000000002107a870
Event: 235.384 Thread 0x000000001a6cf800 DEOPT UNPACKING pc=0x00000000028b75d0 sp=0x000000002107a560 mode 0
Event: 235.404 Executing VM operation: ParallelGCFailedAllocation
Event: 235.451 Executing VM operation: ParallelGCFailedAllocation done
Event: 235.456 Thread 0x000000001a6d1000 DEOPT PACKING pc=0x0000000006ad7d31 sp=0x000000002127a3a0
Event: 235.456 Thread 0x000000001a6d1000 DEOPT UNPACKING pc=0x00000000028b75d0 sp=0x000000002127a1e8 mode 0


Dynamic libraries:
0x00007ff662200000 - 0x00007ff662231000 	C:\Program Files\Android\Android Studio\jre\bin\java.exe
0x00007ffce9930000 - 0x00007ffce9add000 	C:\WINDOWS\SYSTEM32\ntdll.dll
0x00007ffce7e80000 - 0x00007ffce7fbf000 	C:\WINDOWS\system32\KERNEL32.DLL
0x00007ffce6e90000 - 0x00007ffce6fa5000 	C:\WINDOWS\system32\KERNELBASE.dll
0x00007ffce8350000 - 0x00007ffce83fa000 	C:\WINDOWS\system32\ADVAPI32.dll
0x00007ffce7730000 - 0x00007ffce78a7000 	C:\WINDOWS\system32\USER32.dll
0x00007ffce30f0000 - 0x00007ffce336b000 	C:\WINDOWS\WinSxS\amd64_microsoft.windows.common-controls_6595b64144ccf1df_6.0.9600.19394_none_62486577ecb635cf\COMCTL32.dll
0x00007ffce7b20000 - 0x00007ffce7bca000 	C:\WINDOWS\system32\msvcrt.dll
0x00007ffce7670000 - 0x00007ffce76c8000 	C:\WINDOWS\SYSTEM32\sechost.dll
0x00007ffce7370000 - 0x00007ffce74aa000 	C:\WINDOWS\system32\RPCRT4.dll
0x00007ffce8200000 - 0x00007ffce834e000 	C:\WINDOWS\system32\GDI32.dll
0x00007ffce6e10000 - 0x00007ffce6e3e000 	C:\WINDOWS\system32\SspiCli.dll
0x00007ffce6fd0000 - 0x00007ffce7006000 	C:\WINDOWS\system32\IMM32.DLL
0x00007ffce70e0000 - 0x00007ffce7231000 	C:\WINDOWS\system32\MSCTF.dll
0x00000000662a0000 - 0x0000000066372000 	C:\Program Files\Android\Android Studio\jre\jre\bin\msvcr100.dll
0x0000000066460000 - 0x0000000066cab000 	C:\Program Files\Android\Android Studio\jre\jre\bin\server\jvm.dll
0x00007ffce5730000 - 0x00007ffce5739000 	C:\WINDOWS\SYSTEM32\WSOCK32.dll
0x00007ffce1480000 - 0x00007ffce14a2000 	C:\WINDOWS\SYSTEM32\WINMM.dll
0x00007ffcded40000 - 0x00007ffcded4a000 	C:\WINDOWS\SYSTEM32\VERSION.dll
0x00007ffce7e10000 - 0x00007ffce7e17000 	C:\WINDOWS\system32\PSAPI.DLL
0x00007ffce7bd0000 - 0x00007ffce7c2a000 	C:\WINDOWS\system32\WS2_32.dll
0x00007ffce1450000 - 0x00007ffce147a000 	C:\WINDOWS\SYSTEM32\WINMMBASE.dll
0x00007ffce6fb0000 - 0x00007ffce6fb9000 	C:\WINDOWS\system32\NSI.dll
0x00007ffce6e40000 - 0x00007ffce6e8f000 	C:\WINDOWS\SYSTEM32\cfgmgr32.dll
0x00007ffce5890000 - 0x00007ffce58b8000 	C:\WINDOWS\SYSTEM32\DEVOBJ.dll
0x00007ffce5200000 - 0x00007ffce520f000 	C:\Program Files\Android\Android Studio\jre\jre\bin\verify.dll
0x00007ffcddb20000 - 0x00007ffcddb49000 	C:\Program Files\Android\Android Studio\jre\jre\bin\java.dll
0x00007ffcdc970000 - 0x00007ffcdc986000 	C:\Program Files\Android\Android Studio\jre\jre\bin\zip.dll
0x00007ffce8400000 - 0x00007ffce992e000 	C:\WINDOWS\system32\SHELL32.dll
0x00007ffce7fc0000 - 0x00007ffce81d1000 	C:\WINDOWS\SYSTEM32\combase.dll
0x00007ffce7e20000 - 0x00007ffce7e74000 	C:\WINDOWS\system32\SHLWAPI.dll
0x00007ffce3570000 - 0x00007ffce3622000 	C:\WINDOWS\SYSTEM32\SHCORE.dll
0x00007ffce6a50000 - 0x00007ffce6a65000 	C:\WINDOWS\SYSTEM32\profapi.dll
0x00007ffcda7d0000 - 0x00007ffcda7ea000 	C:\Program Files\Android\Android Studio\jre\jre\bin\net.dll
0x00007ffce6290000 - 0x00007ffce62e9000 	C:\WINDOWS\system32\mswsock.dll
0x00007ffcda7b0000 - 0x00007ffcda7c3000 	C:\Program Files\Android\Android Studio\jre\jre\bin\nio.dll
0x00007ffcda2e0000 - 0x00007ffcda307000 	C:\Users\abdul\.gradle\native\f6784746aeab05261644944871eae4fe03e0ef1612fff0a4a95f87b438bc6780\windows-amd64\native-platform.dll
0x00007ffce4840000 - 0x00007ffce484d000 	C:\Program Files\Android\Android Studio\jre\jre\bin\management.dll
0x00007ffce62f0000 - 0x00007ffce6310000 	C:\WINDOWS\SYSTEM32\CRYPTSP.dll
0x00007ffce5f10000 - 0x00007ffce5f46000 	C:\WINDOWS\system32\rsaenh.dll
0x00007ffce6530000 - 0x00007ffce6556000 	C:\WINDOWS\SYSTEM32\bcrypt.dll
0x00007ffce6020000 - 0x00007ffce6041000 	C:\WINDOWS\SYSTEM32\USERENV.dll
0x00007ffce6850000 - 0x00007ffce68b3000 	C:\WINDOWS\system32\bcryptprimitives.dll
0x00007ffce68c0000 - 0x00007ffce68cb000 	C:\WINDOWS\SYSTEM32\CRYPTBASE.dll
0x00007ffce0d30000 - 0x00007ffce0d5a000 	C:\WINDOWS\SYSTEM32\IPHLPAPI.DLL
0x00007ffce0d20000 - 0x00007ffce0d2a000 	C:\WINDOWS\SYSTEM32\WINNSI.DLL
0x00007ffce08a0000 - 0x00007ffce08b6000 	C:\WINDOWS\SYSTEM32\dhcpcsvc6.DLL
0x00007ffce08c0000 - 0x00007ffce08da000 	C:\WINDOWS\SYSTEM32\dhcpcsvc.DLL
0x00007ffcd18e0000 - 0x00007ffcd1a7c000 	C:\Program Files\Android\Android Studio\jre\jre\bin\awt.dll
0x00007ffce56c0000 - 0x00007ffce56e1000 	C:\WINDOWS\SYSTEM32\dwmapi.dll
0x00007ffce7010000 - 0x00007ffce70d6000 	C:\WINDOWS\system32\OLEAUT32.dll
0x00007ffcd77e0000 - 0x00007ffcd7c61000 	C:\WINDOWS\SYSTEM32\d2d1.dll
0x00007ffce5470000 - 0x00007ffce54fe000 	C:\WINDOWS\system32\apphelp.dll
0x00007ffce4d00000 - 0x00007ffce4e29000 	C:\WINDOWS\system32\uxtheme.dll
0x00007ffce4740000 - 0x00007ffce4772000 	C:\WINDOWS\SYSTEM32\ntmarta.dll

VM Arguments:
jvm_args: -Xmx2048m -Dfile.encoding=UTF-8 -Duser.country=US -Duser.language=en -Duser.variant 
java_command: org.gradle.launcher.daemon.bootstrap.GradleDaemon 6.5
java_class_path (initial): C:\Users\abdul\.gradle\wrapper\dists\gradle-6.5-bin\6nifqtx7604sqp1q6g8wikw7p\gradle-6.5\lib\gradle-launcher-6.5.jar
Launcher Type: SUN_STANDARD

Environment Variables:
PATH=C:\Program Files (x86)\Common Files\Oracle\Java\javapath;C:\Program Files (x86)\Intel\iCLS Client\;C:\Program Files\Intel\iCLS Client\;C:\WINDOWS\system32;C:\WINDOWS;C:\WINDOWS\System32\Wbem;C:\WINDOWS\System32\WindowsPowerShell\v1.0\;C:\Program Files\Intel\Intel(R) Management Engine Components\DAL;C:\Program Files\Intel\Intel(R) Management Engine Components\IPT;C:\Program Files (x86)\Intel\Intel(R) Management Engine Components\DAL;C:\Program Files (x86)\Intel\Intel(R) Management Engine Components\IPT;C:\Users\abdul\AppData\Local\Android\Sdk\platform-tools;C:\Users\abdul\AppData\Local\Programs\Python\Python38\Scripts\;C:\Users\abdul\AppData\Local\Programs\Python\Python38\;C:\Python\Scripts\;C:\Python\;C:\Users\abdul\AppData\Local\Programs\Git\cmd;C:\src\flutter\bin;C:\Users\abdul\AppData\Local\Programs\Microsoft VS Code\bin
USERNAME=abdul
OS=Windows_NT
PROCESSOR_IDENTIFIER=Intel64 Family 6 Model 69 Stepping 1, GenuineIntel



---------------  S Y S T E M  ---------------

OS: Windows 8.1 , 64 bit Build 9600 (6.3.9600.19994)

CPU:total 4 (initial active 4) (2 cores per cpu, 2 threads per core) family 6 model 69 stepping 1, cmov, cx8, fxsr, mmx, sse, sse2, sse3, ssse3, sse4.1, sse4.2, popcnt, avx, avx2, aes, clmul, erms, lzcnt, ht, tsc, tscinvbit, bmi1, bmi2

Memory: 4k page, physical 4114584k(218884k free), swap 7260312k(6616k free)

vm_info: OpenJDK 64-Bit Server VM (25.242-b01) for windows-amd64 JRE (1.8.0_242-release-1644-b01), built by "builder" with MS VC++ 10.0 (VS2010)

time: Wed Jul 07 23:15:31 2021
timezone: Pakistan Standard Time
elapsed time: 238 seconds (0d 0h 3m 58s)

